sbatch: error: This does not look like a batch script.  The first
sbatch: error: line must start with #! followed by the path to an interpreter.
sbatch: error: For instance: #!/bin/sh
sbatch: error: This does not look like a batch script.  The first
sbatch: error: line must start with #! followed by the path to an interpreter.
sbatch: error: For instance: #!/bin/sh
sbatch: error: This does not look like a batch script.  The first
sbatch: error: line must start with #! followed by the path to an interpreter.
sbatch: error: For instance: #!/bin/sh
sbatch: error: This does not look like a batch script.  The first
sbatch: error: line must start with #! followed by the path to an interpreter.
sbatch: error: For instance: #!/bin/sh
sbatch: error: This does not look like a batch script.  The first
sbatch: error: line must start with #! followed by the path to an interpreter.
sbatch: error: For instance: #!/bin/sh
sbatch: error: This does not look like a batch script.  The first
sbatch: error: line must start with #! followed by the path to an interpreter.
sbatch: error: For instance: #!/bin/sh
sbatch: error: This does not look like a batch script.  The first
sbatch: error: line must start with #! followed by the path to an interpreter.
sbatch: error: For instance: #!/bin/sh
sbatch: error: This does not look like a batch script.  The first
sbatch: error: line must start with #! followed by the path to an interpreter.
sbatch: error: For instance: #!/bin/sh
sbatch: error: This does not look like a batch script.  The first
sbatch: error: line must start with #! followed by the path to an interpreter.
sbatch: error: For instance: #!/bin/sh
sbatch: error: This does not look like a batch script.  The first
sbatch: error: line must start with #! followed by the path to an interpreter.
sbatch: error: For instance: #!/bin/sh
sbatch: error: This does not look like a batch script.  The first
sbatch: error: line must start with #! followed by the path to an interpreter.
sbatch: error: For instance: #!/bin/sh
sbatch: error: This does not look like a batch script.  The first
sbatch: error: line must start with #! followed by the path to an interpreter.
sbatch: error: For instance: #!/bin/sh
sbatch: error: This does not look like a batch script.  The first
sbatch: error: line must start with #! followed by the path to an interpreter.
sbatch: error: For instance: #!/bin/sh
sbatch: error: This does not look like a batch script.  The first
sbatch: error: line must start with #! followed by the path to an interpreter.
sbatch: error: For instance: #!/bin/sh
sbatch: error: This does not look like a batch script.  The first
sbatch: error: line must start with #! followed by the path to an interpreter.
sbatch: error: For instance: #!/bin/sh
sbatch: error: This does not look like a batch script.  The first
sbatch: error: line must start with #! followed by the path to an interpreter.
sbatch: error: For instance: #!/bin/sh
sbatch: error: This does not look like a batch script.  The first
sbatch: error: line must start with #! followed by the path to an interpreter.
sbatch: error: For instance: #!/bin/sh
sbatch: error: This does not look like a batch script.  The first
sbatch: error: line must start with #! followed by the path to an interpreter.
sbatch: error: For instance: #!/bin/sh
sbatch: error: This does not look like a batch script.  The first
sbatch: error: line must start with #! followed by the path to an interpreter.
sbatch: error: For instance: #!/bin/sh
sbatch: error: This does not look like a batch script.  The first
sbatch: error: line must start with #! followed by the path to an interpreter.
sbatch: error: For instance: #!/bin/sh
sbatch: error: This does not look like a batch script.  The first
sbatch: error: line must start with #! followed by the path to an interpreter.
sbatch: error: For instance: #!/bin/sh
sbatch: error: This does not look like a batch script.  The first
sbatch: error: line must start with #! followed by the path to an interpreter.
sbatch: error: For instance: #!/bin/sh
sbatch: error: This does not look like a batch script.  The first
sbatch: error: line must start with #! followed by the path to an interpreter.
sbatch: error: For instance: #!/bin/sh
sbatch: error: This does not look like a batch script.  The first
sbatch: error: line must start with #! followed by the path to an interpreter.
sbatch: error: For instance: #!/bin/sh
sbatch: error: This does not look like a batch script.  The first
sbatch: error: line must start with #! followed by the path to an interpreter.
sbatch: error: For instance: #!/bin/sh
sbatch: error: This does not look like a batch script.  The first
sbatch: error: line must start with #! followed by the path to an interpreter.
sbatch: error: For instance: #!/bin/sh
sbatch: error: This does not look like a batch script.  The first
sbatch: error: line must start with #! followed by the path to an interpreter.
sbatch: error: For instance: #!/bin/sh
sbatch: error: This does not look like a batch script.  The first
sbatch: error: line must start with #! followed by the path to an interpreter.
sbatch: error: For instance: #!/bin/sh
sbatch: error: This does not look like a batch script.  The first
sbatch: error: line must start with #! followed by the path to an interpreter.
sbatch: error: For instance: #!/bin/sh
sbatch: error: This does not look like a batch script.  The first
sbatch: error: line must start with #! followed by the path to an interpreter.
sbatch: error: For instance: #!/bin/sh
sbatch: error: This does not look like a batch script.  The first
sbatch: error: line must start with #! followed by the path to an interpreter.
sbatch: error: For instance: #!/bin/sh
sbatch: error: This does not look like a batch script.  The first
sbatch: error: line must start with #! followed by the path to an interpreter.
sbatch: error: For instance: #!/bin/sh
sbatch: error: This does not look like a batch script.  The first
sbatch: error: line must start with #! followed by the path to an interpreter.
sbatch: error: For instance: #!/bin/sh
sbatch: error: This does not look like a batch script.  The first
sbatch: error: line must start with #! followed by the path to an interpreter.
sbatch: error: For instance: #!/bin/sh
sbatch: error: This does not look like a batch script.  The first
sbatch: error: line must start with #! followed by the path to an interpreter.
sbatch: error: For instance: #!/bin/sh
sbatch: error: This does not look like a batch script.  The first
sbatch: error: line must start with #! followed by the path to an interpreter.
sbatch: error: For instance: #!/bin/sh
sbatch: error: This does not look like a batch script.  The first
sbatch: error: line must start with #! followed by the path to an interpreter.
sbatch: error: For instance: #!/bin/sh
sbatch: error: This does not look like a batch script.  The first
sbatch: error: line must start with #! followed by the path to an interpreter.
sbatch: error: For instance: #!/bin/sh
sbatch: error: This does not look like a batch script.  The first
sbatch: error: line must start with #! followed by the path to an interpreter.
sbatch: error: For instance: #!/bin/sh
sbatch: error: This does not look like a batch script.  The first
sbatch: error: line must start with #! followed by the path to an interpreter.
sbatch: error: For instance: #!/bin/sh
sbatch: error: This does not look like a batch script.  The first
sbatch: error: line must start with #! followed by the path to an interpreter.
sbatch: error: For instance: #!/bin/sh
sbatch: error: This does not look like a batch script.  The first
sbatch: error: line must start with #! followed by the path to an interpreter.
sbatch: error: For instance: #!/bin/sh
sbatch: error: This does not look like a batch script.  The first
sbatch: error: line must start with #! followed by the path to an interpreter.
sbatch: error: For instance: #!/bin/sh
sbatch: error: This does not look like a batch script.  The first
sbatch: error: line must start with #! followed by the path to an interpreter.
sbatch: error: For instance: #!/bin/sh
Submitted batch job 10437677
Submitted batch job 10437684
Submitted batch job 10437694
Submitted batch job 10437714
Submitted batch job 10437739
Submitted batch job 10437752
Submitted batch job 10437757
found 10 R1 fastq.gz files in /home/lindb/scratch/data
found 7 R1/R2 seq pairs
